09:28:34.636 [main] INFO  testCases.TC_001_AccountRegistration - Clicked on Register 
09:28:34.809 [main] INFO  testCases.TC_001_AccountRegistration - Provided FirstName 
09:28:34.910 [main] INFO  testCases.TC_001_AccountRegistration - Provided LastName 
09:28:35.146 [main] INFO  testCases.TC_001_AccountRegistration - Provided Email 
09:28:35.246 [main] INFO  testCases.TC_001_AccountRegistration - Provided PhoneNumber 
09:28:35.348 [main] INFO  testCases.TC_001_AccountRegistration - Provided Password 
09:28:35.456 [main] INFO  testCases.TC_001_AccountRegistration - Provided Confirmed Password 
09:28:36.760 [main] INFO  testCases.TC_001_AccountRegistration - Clicked on Continue 
09:28:36.812 [main] INFO  testCases.TC_001_AccountRegistration - Account Registration Success 
09:28:36.814 [main] INFO  testCases.TC_001_AccountRegistration -  Finished TC_001_Account Registration Page 
09:28:36.832 [AsyncHttpClient-1-4] TRACE io.netty.handler.codec.http.websocketx.WebSocket08FrameEncoder - Encoding WebSocket Frame opCode=8 length=26
09:28:39.024 [main] INFO  testCases.TC_002_Login - Launched Chrome Browser
09:28:39.040 [main] INFO  testCases.TC_002_Login -  Starting TC_002_Login 
09:28:41.481 [main] INFO  testCases.TC_002_Login - Home Page Displayed 
09:28:42.246 [main] INFO  testCases.TC_002_Login - Clicked on My Account 
09:28:42.843 [main] INFO  testCases.TC_002_Login - Clicked on Login 
09:28:42.992 [main] INFO  testCases.TC_002_Login - Provided Email 
09:28:43.098 [main] INFO  testCases.TC_002_Login - Provided Password 
09:28:44.185 [main] INFO  testCases.TC_002_Login - Clicked on Login
09:28:44.280 [main] INFO  testCases.TC_002_Login - Login Success 
09:28:44.280 [main] INFO  testCases.TC_002_Login -  Finished TC_002_Login 
09:28:44.281 [AsyncHttpClient-1-7] TRACE io.netty.handler.codec.http.websocketx.WebSocket08FrameEncoder - Encoding WebSocket Frame opCode=8 length=26
09:28:45.478 [AsyncHttpClient-1-4] DEBUG io.netty.buffer.PoolThreadCache - Freed 4 thread-local buffer(s) from thread: AsyncHttpClient-1-4
09:28:45.479 [AsyncHttpClient-1-2] DEBUG io.netty.buffer.PoolThreadCache - Freed 25 thread-local buffer(s) from thread: AsyncHttpClient-1-2
09:28:45.479 [AsyncHttpClient-1-3] DEBUG io.netty.buffer.PoolThreadCache - Freed 2 thread-local buffer(s) from thread: AsyncHttpClient-1-3
09:59:24.269 [main] DEBUG io.netty.util.internal.logging.InternalLoggerFactory - Using Log4J2 as the default logging framework
09:59:24.286 [main] DEBUG io.netty.util.ResourceLeakDetector - -Dio.netty.leakDetection.level: simple
09:59:24.286 [main] DEBUG io.netty.util.ResourceLeakDetector - -Dio.netty.leakDetection.targetRecords: 4
09:59:24.292 [main] DEBUG io.netty.util.ResourceLeakDetectorFactory - Loaded default ResourceLeakDetector: io.netty.util.ResourceLeakDetector@6a62689d
09:59:24.312 [main] DEBUG io.netty.util.internal.PlatformDependent - Platform: Windows
09:59:24.315 [main] DEBUG io.netty.util.internal.PlatformDependent0 - -Dio.netty.noUnsafe: false
09:59:24.315 [main] DEBUG io.netty.util.internal.PlatformDependent0 - Java version: 8
09:59:24.317 [main] DEBUG io.netty.util.internal.PlatformDependent0 - sun.misc.Unsafe.theUnsafe: available
09:59:24.318 [main] DEBUG io.netty.util.internal.PlatformDependent0 - sun.misc.Unsafe.copyMemory: available
09:59:24.319 [main] DEBUG io.netty.util.internal.PlatformDependent0 - java.nio.Buffer.address: available
09:59:24.320 [main] DEBUG io.netty.util.internal.PlatformDependent0 - direct buffer constructor: available
09:59:24.321 [main] DEBUG io.netty.util.internal.PlatformDependent0 - java.nio.Bits.unaligned: available, true
09:59:24.321 [main] DEBUG io.netty.util.internal.PlatformDependent0 - jdk.internal.misc.Unsafe.allocateUninitializedArray(int): unavailable prior to Java9
09:59:24.321 [main] DEBUG io.netty.util.internal.PlatformDependent0 - java.nio.DirectByteBuffer.<init>(long, int): available
09:59:24.321 [main] DEBUG io.netty.util.internal.PlatformDependent - sun.misc.Unsafe: available
09:59:24.322 [main] DEBUG io.netty.util.internal.PlatformDependent - -Dio.netty.tmpdir: C:\Users\Tiffany\AppData\Local\Temp (java.io.tmpdir)
09:59:24.322 [main] DEBUG io.netty.util.internal.PlatformDependent - -Dio.netty.bitMode: 64 (sun.arch.data.model)
09:59:24.323 [main] DEBUG io.netty.util.internal.PlatformDependent - -Dio.netty.maxDirectMemory: 2839543808 bytes
09:59:24.324 [main] DEBUG io.netty.util.internal.PlatformDependent - -Dio.netty.uninitializedArrayAllocationThreshold: -1
09:59:24.325 [main] DEBUG io.netty.util.internal.CleanerJava6 - java.nio.ByteBuffer.cleaner(): available
09:59:24.325 [main] DEBUG io.netty.util.internal.PlatformDependent - -Dio.netty.noPreferDirect: false
09:59:24.338 [main] DEBUG io.netty.util.internal.PlatformDependent - org.jctools-core.MpscChunkedArrayQueue: available
09:59:24.371 [main] DEBUG io.netty.util.internal.InternalThreadLocalMap - -Dio.netty.threadLocalMap.stringBuilder.initialSize: 1024
09:59:24.371 [main] DEBUG io.netty.util.internal.InternalThreadLocalMap - -Dio.netty.threadLocalMap.stringBuilder.maxSize: 4096
09:59:24.400 [main] DEBUG io.netty.handler.ssl.JdkSslContext - Default protocols (JDK): [TLSv1.2, TLSv1.1, TLSv1] 
09:59:24.400 [main] DEBUG io.netty.handler.ssl.JdkSslContext - Default cipher suites (JDK): [TLS_ECDHE_ECDSA_WITH_AES_256_GCM_SHA384, TLS_ECDHE_ECDSA_WITH_AES_128_GCM_SHA256, TLS_ECDHE_RSA_WITH_AES_128_GCM_SHA256, TLS_ECDHE_RSA_WITH_AES_256_GCM_SHA384, TLS_ECDHE_RSA_WITH_AES_128_CBC_SHA, TLS_ECDHE_RSA_WITH_AES_256_CBC_SHA, TLS_RSA_WITH_AES_128_GCM_SHA256, TLS_RSA_WITH_AES_128_CBC_SHA, TLS_RSA_WITH_AES_256_CBC_SHA, TLS_AES_128_GCM_SHA256, TLS_AES_256_GCM_SHA384]
09:59:24.430 [main] DEBUG io.netty.channel.MultithreadEventLoopGroup - -Dio.netty.eventLoopThreads: 16
09:59:24.438 [main] DEBUG io.netty.channel.nio.NioEventLoop - -Dio.netty.noKeySetOptimization: false
09:59:24.438 [main] DEBUG io.netty.channel.nio.NioEventLoop - -Dio.netty.selectorAutoRebuildThreshold: 512
09:59:24.449 [main] TRACE io.netty.channel.nio.NioEventLoop - instrumented a special java.util.Set into: sun.nio.ch.WindowsSelectorImpl@f31c0c6
09:59:24.450 [main] TRACE io.netty.channel.nio.NioEventLoop - instrumented a special java.util.Set into: sun.nio.ch.WindowsSelectorImpl@2f3c6ac4
09:59:24.451 [main] TRACE io.netty.channel.nio.NioEventLoop - instrumented a special java.util.Set into: sun.nio.ch.WindowsSelectorImpl@2e8ab815
09:59:24.453 [main] TRACE io.netty.channel.nio.NioEventLoop - instrumented a special java.util.Set into: sun.nio.ch.WindowsSelectorImpl@67af833b
09:59:24.455 [main] TRACE io.netty.channel.nio.NioEventLoop - instrumented a special java.util.Set into: sun.nio.ch.WindowsSelectorImpl@d1f74b8
09:59:24.457 [main] TRACE io.netty.channel.nio.NioEventLoop - instrumented a special java.util.Set into: sun.nio.ch.WindowsSelectorImpl@41394595
09:59:24.458 [main] TRACE io.netty.channel.nio.NioEventLoop - instrumented a special java.util.Set into: sun.nio.ch.WindowsSelectorImpl@3a0807b7
09:59:24.460 [main] TRACE io.netty.channel.nio.NioEventLoop - instrumented a special java.util.Set into: sun.nio.ch.WindowsSelectorImpl@21a5fd96
09:59:24.462 [main] TRACE io.netty.channel.nio.NioEventLoop - instrumented a special java.util.Set into: sun.nio.ch.WindowsSelectorImpl@5769e7ae
09:59:24.463 [main] TRACE io.netty.channel.nio.NioEventLoop - instrumented a special java.util.Set into: sun.nio.ch.WindowsSelectorImpl@5c77053b
09:59:24.465 [main] TRACE io.netty.channel.nio.NioEventLoop - instrumented a special java.util.Set into: sun.nio.ch.WindowsSelectorImpl@26b894bd
09:59:24.467 [main] TRACE io.netty.channel.nio.NioEventLoop - instrumented a special java.util.Set into: sun.nio.ch.WindowsSelectorImpl@287f94b1
09:59:24.469 [main] TRACE io.netty.channel.nio.NioEventLoop - instrumented a special java.util.Set into: sun.nio.ch.WindowsSelectorImpl@30b34287
09:59:24.470 [main] TRACE io.netty.channel.nio.NioEventLoop - instrumented a special java.util.Set into: sun.nio.ch.WindowsSelectorImpl@5489c777
09:59:24.471 [main] TRACE io.netty.channel.nio.NioEventLoop - instrumented a special java.util.Set into: sun.nio.ch.WindowsSelectorImpl@3676ac27
09:59:24.473 [main] TRACE io.netty.channel.nio.NioEventLoop - instrumented a special java.util.Set into: sun.nio.ch.WindowsSelectorImpl@62f87c44
09:59:24.493 [main] DEBUG io.netty.buffer.PooledByteBufAllocator - -Dio.netty.allocator.numHeapArenas: 16
09:59:24.493 [main] DEBUG io.netty.buffer.PooledByteBufAllocator - -Dio.netty.allocator.numDirectArenas: 16
09:59:24.494 [main] DEBUG io.netty.buffer.PooledByteBufAllocator - -Dio.netty.allocator.pageSize: 8192
09:59:24.494 [main] DEBUG io.netty.buffer.PooledByteBufAllocator - -Dio.netty.allocator.maxOrder: 11
09:59:24.494 [main] DEBUG io.netty.buffer.PooledByteBufAllocator - -Dio.netty.allocator.chunkSize: 16777216
09:59:24.494 [main] DEBUG io.netty.buffer.PooledByteBufAllocator - -Dio.netty.allocator.smallCacheSize: 256
09:59:24.494 [main] DEBUG io.netty.buffer.PooledByteBufAllocator - -Dio.netty.allocator.normalCacheSize: 64
09:59:24.494 [main] DEBUG io.netty.buffer.PooledByteBufAllocator - -Dio.netty.allocator.maxCachedBufferCapacity: 32768
09:59:24.494 [main] DEBUG io.netty.buffer.PooledByteBufAllocator - -Dio.netty.allocator.cacheTrimInterval: 8192
09:59:24.494 [main] DEBUG io.netty.buffer.PooledByteBufAllocator - -Dio.netty.allocator.cacheTrimIntervalMillis: 0
09:59:24.494 [main] DEBUG io.netty.buffer.PooledByteBufAllocator - -Dio.netty.allocator.useCacheForAllThreads: true
09:59:24.494 [main] DEBUG io.netty.buffer.PooledByteBufAllocator - -Dio.netty.allocator.maxCachedByteBuffersPerChunk: 1023
09:59:24.505 [main] DEBUG io.netty.buffer.ByteBufUtil - -Dio.netty.allocator.type: pooled
09:59:24.505 [main] DEBUG io.netty.buffer.ByteBufUtil - -Dio.netty.threadLocalDirectBufferSize: 0
09:59:24.505 [main] DEBUG io.netty.buffer.ByteBufUtil - -Dio.netty.maxThreadLocalCharBufferSize: 16384
09:59:25.369 [Forwarding newSession on session null to remote] DEBUG io.netty.channel.DefaultChannelId - -Dio.netty.processId: 18200 (auto-detected)
09:59:25.371 [Forwarding newSession on session null to remote] DEBUG io.netty.util.NetUtil - -Djava.net.preferIPv4Stack: false
09:59:25.371 [Forwarding newSession on session null to remote] DEBUG io.netty.util.NetUtil - -Djava.net.preferIPv6Addresses: false
09:59:25.804 [Forwarding newSession on session null to remote] DEBUG io.netty.util.NetUtilInitializations - Loopback interface: lo (Software Loopback Interface 1, 127.0.0.1)
09:59:25.805 [Forwarding newSession on session null to remote] DEBUG io.netty.util.NetUtil - Failed to get SOMAXCONN from sysctl and file \proc\sys\net\core\somaxconn. Default: 200
09:59:26.292 [Forwarding newSession on session null to remote] DEBUG io.netty.channel.DefaultChannelId - -Dio.netty.machineId: 48:45:20:ff:fe:df:9a:a3 (auto-detected)
09:59:26.356 [AsyncHttpClient-1-2] DEBUG io.netty.buffer.AbstractByteBuf - -Dio.netty.buffer.checkAccessible: true
09:59:26.356 [AsyncHttpClient-1-2] DEBUG io.netty.buffer.AbstractByteBuf - -Dio.netty.buffer.checkBounds: true
09:59:26.356 [AsyncHttpClient-1-2] DEBUG io.netty.util.ResourceLeakDetectorFactory - Loaded default ResourceLeakDetector: io.netty.util.ResourceLeakDetector@95eac1e
09:59:26.387 [AsyncHttpClient-1-2] DEBUG io.netty.util.Recycler - -Dio.netty.recycler.maxCapacityPerThread: 4096
09:59:26.387 [AsyncHttpClient-1-2] DEBUG io.netty.util.Recycler - -Dio.netty.recycler.maxSharedCapacityFactor: 2
09:59:26.387 [AsyncHttpClient-1-2] DEBUG io.netty.util.Recycler - -Dio.netty.recycler.linkCapacity: 16
09:59:26.387 [AsyncHttpClient-1-2] DEBUG io.netty.util.Recycler - -Dio.netty.recycler.ratio: 8
09:59:26.387 [AsyncHttpClient-1-2] DEBUG io.netty.util.Recycler - -Dio.netty.recycler.delayedQueue.ratio: 8
09:59:27.432 [main] DEBUG io.netty.util.internal.ThreadLocalRandom - -Dio.netty.initialSeedUniquifier: 0xdf8d02d8ac44129e
09:59:27.500 [main] INFO  testCases.TC_001_AccountRegistration - Launched Chrome Browser
09:59:27.543 [main] INFO  testCases.TC_001_AccountRegistration -  Starting TC_001_Account Registration Page 
09:59:29.152 [main] INFO  testCases.TC_001_AccountRegistration - Home Page displayed. 
09:59:29.986 [main] INFO  testCases.TC_001_AccountRegistration - Clicked on MyAccount 
09:59:30.720 [main] INFO  testCases.TC_001_AccountRegistration - Clicked on Register 
09:59:30.847 [main] INFO  testCases.TC_001_AccountRegistration - Provided FirstName 
09:59:30.972 [main] INFO  testCases.TC_001_AccountRegistration - Provided LastName 
09:59:31.086 [main] INFO  testCases.TC_001_AccountRegistration - Provided Email 
09:59:31.226 [main] INFO  testCases.TC_001_AccountRegistration - Provided PhoneNumber 
09:59:31.326 [main] INFO  testCases.TC_001_AccountRegistration - Provided Password 
09:59:31.432 [main] INFO  testCases.TC_001_AccountRegistration - Provided Confirmed Password 
09:59:32.598 [main] INFO  testCases.TC_001_AccountRegistration - Clicked on Continue 
09:59:32.653 [main] INFO  testCases.TC_001_AccountRegistration - Account Registration Success 
09:59:32.655 [main] INFO  testCases.TC_001_AccountRegistration -  Finished TC_001_Account Registration Page 
09:59:32.682 [AsyncHttpClient-1-4] TRACE io.netty.handler.codec.http.websocketx.WebSocket08FrameEncoder - Encoding WebSocket Frame opCode=8 length=26
09:59:34.871 [main] INFO  testCases.TC_002_Login - Launched Chrome Browser
09:59:34.890 [main] INFO  testCases.TC_002_Login -  Starting TC_002_Login 
09:59:37.063 [main] INFO  testCases.TC_002_Login - Home Page Displayed 
09:59:37.737 [main] INFO  testCases.TC_002_Login - Clicked on My Account 
09:59:38.300 [main] INFO  testCases.TC_002_Login - Clicked on Login 
09:59:38.451 [main] INFO  testCases.TC_002_Login - Provided Email 
09:59:38.556 [main] INFO  testCases.TC_002_Login - Provided Password 
09:59:39.515 [main] INFO  testCases.TC_002_Login - Clicked on Login
09:59:39.604 [main] INFO  testCases.TC_002_Login - Login Success 
09:59:39.604 [main] INFO  testCases.TC_002_Login -  Finished TC_002_Login 
09:59:39.606 [AsyncHttpClient-1-7] TRACE io.netty.handler.codec.http.websocketx.WebSocket08FrameEncoder - Encoding WebSocket Frame opCode=8 length=26
10:02:32.070 [main] DEBUG io.netty.util.internal.logging.InternalLoggerFactory - Using Log4J2 as the default logging framework
10:02:32.087 [main] DEBUG io.netty.util.ResourceLeakDetector - -Dio.netty.leakDetection.level: simple
10:02:32.088 [main] DEBUG io.netty.util.ResourceLeakDetector - -Dio.netty.leakDetection.targetRecords: 4
10:02:32.092 [main] DEBUG io.netty.util.ResourceLeakDetectorFactory - Loaded default ResourceLeakDetector: io.netty.util.ResourceLeakDetector@6a62689d
10:02:32.110 [main] DEBUG io.netty.util.internal.PlatformDependent - Platform: Windows
10:02:32.112 [main] DEBUG io.netty.util.internal.PlatformDependent0 - -Dio.netty.noUnsafe: false
10:02:32.112 [main] DEBUG io.netty.util.internal.PlatformDependent0 - Java version: 8
10:02:32.113 [main] DEBUG io.netty.util.internal.PlatformDependent0 - sun.misc.Unsafe.theUnsafe: available
10:02:32.113 [main] DEBUG io.netty.util.internal.PlatformDependent0 - sun.misc.Unsafe.copyMemory: available
10:02:32.114 [main] DEBUG io.netty.util.internal.PlatformDependent0 - java.nio.Buffer.address: available
10:02:32.114 [main] DEBUG io.netty.util.internal.PlatformDependent0 - direct buffer constructor: available
10:02:32.115 [main] DEBUG io.netty.util.internal.PlatformDependent0 - java.nio.Bits.unaligned: available, true
10:02:32.115 [main] DEBUG io.netty.util.internal.PlatformDependent0 - jdk.internal.misc.Unsafe.allocateUninitializedArray(int): unavailable prior to Java9
10:02:32.115 [main] DEBUG io.netty.util.internal.PlatformDependent0 - java.nio.DirectByteBuffer.<init>(long, int): available
10:02:32.115 [main] DEBUG io.netty.util.internal.PlatformDependent - sun.misc.Unsafe: available
10:02:32.116 [main] DEBUG io.netty.util.internal.PlatformDependent - -Dio.netty.tmpdir: C:\Users\Tiffany\AppData\Local\Temp (java.io.tmpdir)
10:02:32.116 [main] DEBUG io.netty.util.internal.PlatformDependent - -Dio.netty.bitMode: 64 (sun.arch.data.model)
10:02:32.117 [main] DEBUG io.netty.util.internal.PlatformDependent - -Dio.netty.maxDirectMemory: 2839543808 bytes
10:02:32.117 [main] DEBUG io.netty.util.internal.PlatformDependent - -Dio.netty.uninitializedArrayAllocationThreshold: -1
10:02:32.118 [main] DEBUG io.netty.util.internal.CleanerJava6 - java.nio.ByteBuffer.cleaner(): available
10:02:32.118 [main] DEBUG io.netty.util.internal.PlatformDependent - -Dio.netty.noPreferDirect: false
10:02:32.126 [main] DEBUG io.netty.util.internal.PlatformDependent - org.jctools-core.MpscChunkedArrayQueue: available
10:02:32.147 [main] DEBUG io.netty.util.internal.InternalThreadLocalMap - -Dio.netty.threadLocalMap.stringBuilder.initialSize: 1024
10:02:32.147 [main] DEBUG io.netty.util.internal.InternalThreadLocalMap - -Dio.netty.threadLocalMap.stringBuilder.maxSize: 4096
10:02:32.173 [main] DEBUG io.netty.handler.ssl.JdkSslContext - Default protocols (JDK): [TLSv1.2, TLSv1.1, TLSv1] 
10:02:32.173 [main] DEBUG io.netty.handler.ssl.JdkSslContext - Default cipher suites (JDK): [TLS_ECDHE_ECDSA_WITH_AES_256_GCM_SHA384, TLS_ECDHE_ECDSA_WITH_AES_128_GCM_SHA256, TLS_ECDHE_RSA_WITH_AES_128_GCM_SHA256, TLS_ECDHE_RSA_WITH_AES_256_GCM_SHA384, TLS_ECDHE_RSA_WITH_AES_128_CBC_SHA, TLS_ECDHE_RSA_WITH_AES_256_CBC_SHA, TLS_RSA_WITH_AES_128_GCM_SHA256, TLS_RSA_WITH_AES_128_CBC_SHA, TLS_RSA_WITH_AES_256_CBC_SHA, TLS_AES_128_GCM_SHA256, TLS_AES_256_GCM_SHA384]
10:02:32.206 [main] DEBUG io.netty.channel.MultithreadEventLoopGroup - -Dio.netty.eventLoopThreads: 16
10:02:32.214 [main] DEBUG io.netty.channel.nio.NioEventLoop - -Dio.netty.noKeySetOptimization: false
10:02:32.214 [main] DEBUG io.netty.channel.nio.NioEventLoop - -Dio.netty.selectorAutoRebuildThreshold: 512
10:02:32.224 [main] TRACE io.netty.channel.nio.NioEventLoop - instrumented a special java.util.Set into: sun.nio.ch.WindowsSelectorImpl@f31c0c6
10:02:32.225 [main] TRACE io.netty.channel.nio.NioEventLoop - instrumented a special java.util.Set into: sun.nio.ch.WindowsSelectorImpl@2f3c6ac4
10:02:32.227 [main] TRACE io.netty.channel.nio.NioEventLoop - instrumented a special java.util.Set into: sun.nio.ch.WindowsSelectorImpl@2e8ab815
10:02:32.229 [main] TRACE io.netty.channel.nio.NioEventLoop - instrumented a special java.util.Set into: sun.nio.ch.WindowsSelectorImpl@67af833b
10:02:32.231 [main] TRACE io.netty.channel.nio.NioEventLoop - instrumented a special java.util.Set into: sun.nio.ch.WindowsSelectorImpl@d1f74b8
10:02:32.233 [main] TRACE io.netty.channel.nio.NioEventLoop - instrumented a special java.util.Set into: sun.nio.ch.WindowsSelectorImpl@41394595
10:02:32.234 [main] TRACE io.netty.channel.nio.NioEventLoop - instrumented a special java.util.Set into: sun.nio.ch.WindowsSelectorImpl@3a0807b7
10:02:32.236 [main] TRACE io.netty.channel.nio.NioEventLoop - instrumented a special java.util.Set into: sun.nio.ch.WindowsSelectorImpl@21a5fd96
10:02:32.238 [main] TRACE io.netty.channel.nio.NioEventLoop - instrumented a special java.util.Set into: sun.nio.ch.WindowsSelectorImpl@5769e7ae
10:02:32.239 [main] TRACE io.netty.channel.nio.NioEventLoop - instrumented a special java.util.Set into: sun.nio.ch.WindowsSelectorImpl@5c77053b
10:02:32.241 [main] TRACE io.netty.channel.nio.NioEventLoop - instrumented a special java.util.Set into: sun.nio.ch.WindowsSelectorImpl@26b894bd
10:02:32.243 [main] TRACE io.netty.channel.nio.NioEventLoop - instrumented a special java.util.Set into: sun.nio.ch.WindowsSelectorImpl@287f94b1
10:02:32.245 [main] TRACE io.netty.channel.nio.NioEventLoop - instrumented a special java.util.Set into: sun.nio.ch.WindowsSelectorImpl@30b34287
10:02:32.246 [main] TRACE io.netty.channel.nio.NioEventLoop - instrumented a special java.util.Set into: sun.nio.ch.WindowsSelectorImpl@5489c777
10:02:32.248 [main] TRACE io.netty.channel.nio.NioEventLoop - instrumented a special java.util.Set into: sun.nio.ch.WindowsSelectorImpl@3676ac27
10:02:32.250 [main] TRACE io.netty.channel.nio.NioEventLoop - instrumented a special java.util.Set into: sun.nio.ch.WindowsSelectorImpl@62f87c44
10:02:32.292 [main] DEBUG io.netty.buffer.PooledByteBufAllocator - -Dio.netty.allocator.numHeapArenas: 16
10:02:32.292 [main] DEBUG io.netty.buffer.PooledByteBufAllocator - -Dio.netty.allocator.numDirectArenas: 16
10:02:32.293 [main] DEBUG io.netty.buffer.PooledByteBufAllocator - -Dio.netty.allocator.pageSize: 8192
10:02:32.293 [main] DEBUG io.netty.buffer.PooledByteBufAllocator - -Dio.netty.allocator.maxOrder: 11
10:02:32.293 [main] DEBUG io.netty.buffer.PooledByteBufAllocator - -Dio.netty.allocator.chunkSize: 16777216
10:02:32.293 [main] DEBUG io.netty.buffer.PooledByteBufAllocator - -Dio.netty.allocator.smallCacheSize: 256
10:02:32.293 [main] DEBUG io.netty.buffer.PooledByteBufAllocator - -Dio.netty.allocator.normalCacheSize: 64
10:02:32.293 [main] DEBUG io.netty.buffer.PooledByteBufAllocator - -Dio.netty.allocator.maxCachedBufferCapacity: 32768
10:02:32.293 [main] DEBUG io.netty.buffer.PooledByteBufAllocator - -Dio.netty.allocator.cacheTrimInterval: 8192
10:02:32.293 [main] DEBUG io.netty.buffer.PooledByteBufAllocator - -Dio.netty.allocator.cacheTrimIntervalMillis: 0
10:02:32.293 [main] DEBUG io.netty.buffer.PooledByteBufAllocator - -Dio.netty.allocator.useCacheForAllThreads: true
10:02:32.294 [main] DEBUG io.netty.buffer.PooledByteBufAllocator - -Dio.netty.allocator.maxCachedByteBuffersPerChunk: 1023
10:02:32.306 [main] DEBUG io.netty.buffer.ByteBufUtil - -Dio.netty.allocator.type: pooled
10:02:32.306 [main] DEBUG io.netty.buffer.ByteBufUtil - -Dio.netty.threadLocalDirectBufferSize: 0
10:02:32.306 [main] DEBUG io.netty.buffer.ByteBufUtil - -Dio.netty.maxThreadLocalCharBufferSize: 16384
10:02:33.163 [Forwarding newSession on session null to remote] DEBUG io.netty.channel.DefaultChannelId - -Dio.netty.processId: 11212 (auto-detected)
10:02:33.165 [Forwarding newSession on session null to remote] DEBUG io.netty.util.NetUtil - -Djava.net.preferIPv4Stack: false
10:02:33.165 [Forwarding newSession on session null to remote] DEBUG io.netty.util.NetUtil - -Djava.net.preferIPv6Addresses: false
10:02:33.639 [Forwarding newSession on session null to remote] DEBUG io.netty.util.NetUtilInitializations - Loopback interface: lo (Software Loopback Interface 1, 127.0.0.1)
10:02:33.640 [Forwarding newSession on session null to remote] DEBUG io.netty.util.NetUtil - Failed to get SOMAXCONN from sysctl and file \proc\sys\net\core\somaxconn. Default: 200
10:02:34.130 [Forwarding newSession on session null to remote] DEBUG io.netty.channel.DefaultChannelId - -Dio.netty.machineId: 48:45:20:ff:fe:df:9a:a3 (auto-detected)
10:02:34.188 [AsyncHttpClient-1-2] DEBUG io.netty.buffer.AbstractByteBuf - -Dio.netty.buffer.checkAccessible: true
10:02:34.188 [AsyncHttpClient-1-2] DEBUG io.netty.buffer.AbstractByteBuf - -Dio.netty.buffer.checkBounds: true
10:02:34.188 [AsyncHttpClient-1-2] DEBUG io.netty.util.ResourceLeakDetectorFactory - Loaded default ResourceLeakDetector: io.netty.util.ResourceLeakDetector@1e3d95fb
10:02:34.218 [AsyncHttpClient-1-2] DEBUG io.netty.util.Recycler - -Dio.netty.recycler.maxCapacityPerThread: 4096
10:02:34.218 [AsyncHttpClient-1-2] DEBUG io.netty.util.Recycler - -Dio.netty.recycler.maxSharedCapacityFactor: 2
10:02:34.218 [AsyncHttpClient-1-2] DEBUG io.netty.util.Recycler - -Dio.netty.recycler.linkCapacity: 16
10:02:34.218 [AsyncHttpClient-1-2] DEBUG io.netty.util.Recycler - -Dio.netty.recycler.ratio: 8
10:02:34.218 [AsyncHttpClient-1-2] DEBUG io.netty.util.Recycler - -Dio.netty.recycler.delayedQueue.ratio: 8
10:02:35.268 [main] DEBUG io.netty.util.internal.ThreadLocalRandom - -Dio.netty.initialSeedUniquifier: 0x57909d3bf454ac5a
10:02:35.336 [main] INFO  testCases.TC_001_AccountRegistration - Launched Chrome Browser
10:02:35.371 [main] INFO  testCases.TC_001_AccountRegistration -  Starting TC_001_Account Registration Page 
10:02:37.525 [main] INFO  testCases.TC_001_AccountRegistration - Home Page displayed. 
10:02:38.405 [main] INFO  testCases.TC_001_AccountRegistration - Clicked on MyAccount 
10:02:39.121 [main] INFO  testCases.TC_001_AccountRegistration - Clicked on Register 
10:02:39.256 [main] INFO  testCases.TC_001_AccountRegistration - Provided FirstName 
10:02:39.369 [main] INFO  testCases.TC_001_AccountRegistration - Provided LastName 
10:02:39.506 [main] INFO  testCases.TC_001_AccountRegistration - Provided Email 
10:02:39.629 [main] INFO  testCases.TC_001_AccountRegistration - Provided PhoneNumber 
10:02:39.732 [main] INFO  testCases.TC_001_AccountRegistration - Provided Password 
10:02:39.822 [main] INFO  testCases.TC_001_AccountRegistration - Provided Confirmed Password 
10:02:41.108 [main] INFO  testCases.TC_001_AccountRegistration - Clicked on Continue 
10:02:41.172 [main] INFO  testCases.TC_001_AccountRegistration - Account Registration Success 
10:02:41.175 [main] INFO  testCases.TC_001_AccountRegistration -  Finished TC_001_Account Registration Page 
10:02:41.190 [AsyncHttpClient-1-4] TRACE io.netty.handler.codec.http.websocketx.WebSocket08FrameEncoder - Encoding WebSocket Frame opCode=8 length=26
10:02:43.352 [main] INFO  testCases.TC_002_Login - Launched Chrome Browser
10:02:43.370 [main] INFO  testCases.TC_002_Login -  Starting TC_002_Login 
10:02:44.998 [main] INFO  testCases.TC_002_Login - Home Page Displayed 
10:02:45.796 [main] INFO  testCases.TC_002_Login - Clicked on My Account 
10:02:46.320 [main] INFO  testCases.TC_002_Login - Clicked on Login 
10:02:46.478 [main] INFO  testCases.TC_002_Login - Provided Email 
10:02:46.586 [main] INFO  testCases.TC_002_Login - Provided Password 
10:02:47.677 [main] INFO  testCases.TC_002_Login - Clicked on Login
10:02:47.773 [main] INFO  testCases.TC_002_Login - Login Success 
10:02:47.773 [main] INFO  testCases.TC_002_Login -  Finished TC_002_Login 
10:02:47.774 [AsyncHttpClient-1-7] TRACE io.netty.handler.codec.http.websocketx.WebSocket08FrameEncoder - Encoding WebSocket Frame opCode=8 length=26
